#! /usr/bin/vvp
:ivl_version "11.0 (stable)";
:ivl_delay_selection "TYPICAL";
:vpi_time_precision - 12;
:vpi_module "/usr/lib/x86_64-linux-gnu/ivl/system.vpi";
:vpi_module "/usr/lib/x86_64-linux-gnu/ivl/vhdl_sys.vpi";
:vpi_module "/usr/lib/x86_64-linux-gnu/ivl/vhdl_textio.vpi";
:vpi_module "/usr/lib/x86_64-linux-gnu/ivl/v2005_math.vpi";
:vpi_module "/usr/lib/x86_64-linux-gnu/ivl/va_math.vpi";
S_0x5568d8d083f0 .scope module, "ALU_tb" "ALU_tb" 2 31;
 .timescale -9 -12;
v0x5568d8d24400_0 .var "fun", 3 0;
v0x5568d8d244e0_0 .var "in_a", 3 0;
v0x5568d8d24580_0 .var "in_b", 3 0;
v0x5568d8d24680_0 .net "out_alu", 3 0, L_0x5568d8d25b80;  1 drivers
v0x5568d8d24750_0 .net "out_carry", 0 0, L_0x5568d8d25110;  1 drivers
S_0x5568d8d08580 .scope module, "atb0" "ALU" 2 40, 3 29 0, S_0x5568d8d083f0;
 .timescale -9 -12;
    .port_info 0 /INPUT 4 "in_a";
    .port_info 1 /INPUT 4 "in_b";
    .port_info 2 /INPUT 4 "fun";
    .port_info 3 /OUTPUT 4 "out_alu";
    .port_info 4 /OUTPUT 1 "out_carry";
L_0x5568d8cf72f0 .functor AND 1, L_0x5568d8d24890, L_0x5568d8d24980, C4<1>, C4<1>;
L_0x5568d8d24e10 .functor AND 1, L_0x5568d8d24ca0, L_0x5568d8d24d70, C4<1>, C4<1>;
L_0x5568d8d24ed0 .functor NOT 4, v0x5568d8d24580_0, C4<0000>, C4<0000>, C4<0000>;
v0x5568d8d23340_0 .net *"_ivl_1", 0 0, L_0x5568d8d24890;  1 drivers
v0x5568d8d23440_0 .net *"_ivl_13", 0 0, L_0x5568d8d24ca0;  1 drivers
v0x5568d8d23520_0 .net *"_ivl_15", 0 0, L_0x5568d8d24d70;  1 drivers
v0x5568d8d235e0_0 .net *"_ivl_16", 0 0, L_0x5568d8d24e10;  1 drivers
v0x5568d8d236c0_0 .net *"_ivl_18", 3 0, L_0x5568d8d24ed0;  1 drivers
v0x5568d8d237f0_0 .net *"_ivl_25", 0 0, L_0x5568d8d25a90;  1 drivers
v0x5568d8d238d0_0 .net *"_ivl_3", 0 0, L_0x5568d8d24980;  1 drivers
v0x5568d8d239b0_0 .net *"_ivl_4", 0 0, L_0x5568d8cf72f0;  1 drivers
L_0x7fccdc634018 .functor BUFT 1, C4<1>, C4<0>, C4<0>, C4<0>;
v0x5568d8d23a90_0 .net/2u *"_ivl_6", 0 0, L_0x7fccdc634018;  1 drivers
L_0x7fccdc634060 .functor BUFT 1, C4<0>, C4<0>, C4<0>, C4<0>;
v0x5568d8d23b70_0 .net/2u *"_ivl_8", 0 0, L_0x7fccdc634060;  1 drivers
v0x5568d8d23c50_0 .net "fun", 3 0, v0x5568d8d24400_0;  1 drivers
v0x5568d8d23d30_0 .net "in_a", 3 0, v0x5568d8d244e0_0;  1 drivers
v0x5568d8d23df0_0 .net "in_b", 3 0, v0x5568d8d24580_0;  1 drivers
v0x5568d8d23ed0_0 .net "out_alu", 3 0, L_0x5568d8d25b80;  alias, 1 drivers
v0x5568d8d23fb0_0 .net "out_carry", 0 0, L_0x5568d8d25110;  alias, 1 drivers
v0x5568d8d24050_0 .net "w_b", 3 0, L_0x5568d8d24f90;  1 drivers
v0x5568d8d24140_0 .net "w_cin", 0 0, L_0x5568d8d24ac0;  1 drivers
v0x5568d8d241e0_0 .net "w_logical", 3 0, v0x5568d8d231f0_0;  1 drivers
v0x5568d8d24280_0 .net "w_sum", 3 0, L_0x5568d8d251b0;  1 drivers
L_0x5568d8d24890 .part v0x5568d8d24400_0, 3, 1;
L_0x5568d8d24980 .part v0x5568d8d24400_0, 0, 1;
L_0x5568d8d24ac0 .functor MUXZ 1, L_0x7fccdc634060, L_0x7fccdc634018, L_0x5568d8cf72f0, C4<>;
L_0x5568d8d24ca0 .part v0x5568d8d24400_0, 3, 1;
L_0x5568d8d24d70 .part v0x5568d8d24400_0, 0, 1;
L_0x5568d8d24f90 .functor MUXZ 4, v0x5568d8d24580_0, L_0x5568d8d24ed0, L_0x5568d8d24e10, C4<>;
L_0x5568d8d259f0 .part v0x5568d8d24400_0, 0, 3;
L_0x5568d8d25a90 .part v0x5568d8d24400_0, 3, 1;
L_0x5568d8d25b80 .functor MUXZ 4, v0x5568d8d231f0_0, L_0x5568d8d251b0, L_0x5568d8d25a90, C4<>;
S_0x5568d8d03b70 .scope module, "A0" "adder" 3 45, 4 10 0, S_0x5568d8d08580;
 .timescale -9 -12;
    .port_info 0 /INPUT 4 "in_a";
    .port_info 1 /INPUT 4 "in_b";
    .port_info 2 /INPUT 1 "in_cin";
    .port_info 3 /OUTPUT 4 "out_sum";
    .port_info 4 /OUTPUT 1 "out_carry";
L_0x7fccdc6340f0 .functor BUFT 1, C4<0>, C4<0>, C4<0>, C4<0>;
v0x5568d8d03d50_0 .net *"_ivl_10", 0 0, L_0x7fccdc6340f0;  1 drivers
v0x5568d8d22280_0 .net *"_ivl_11", 4 0, L_0x5568d8d25580;  1 drivers
v0x5568d8d22360_0 .net *"_ivl_13", 4 0, L_0x5568d8d25730;  1 drivers
L_0x7fccdc634138 .functor BUFT 1, C4<0000>, C4<0>, C4<0>, C4<0>;
v0x5568d8d22420_0 .net *"_ivl_16", 3 0, L_0x7fccdc634138;  1 drivers
v0x5568d8d22500_0 .net *"_ivl_17", 4 0, L_0x5568d8d258b0;  1 drivers
v0x5568d8d22630_0 .net *"_ivl_3", 4 0, L_0x5568d8d252f0;  1 drivers
L_0x7fccdc6340a8 .functor BUFT 1, C4<0>, C4<0>, C4<0>, C4<0>;
v0x5568d8d22710_0 .net *"_ivl_6", 0 0, L_0x7fccdc6340a8;  1 drivers
v0x5568d8d227f0_0 .net *"_ivl_7", 4 0, L_0x5568d8d25420;  1 drivers
v0x5568d8d228d0_0 .net "in_a", 3 0, v0x5568d8d244e0_0;  alias, 1 drivers
v0x5568d8d229b0_0 .net "in_b", 3 0, L_0x5568d8d24f90;  alias, 1 drivers
v0x5568d8d22a90_0 .net "in_cin", 0 0, L_0x5568d8d24ac0;  alias, 1 drivers
v0x5568d8d22b50_0 .net "out_carry", 0 0, L_0x5568d8d25110;  alias, 1 drivers
v0x5568d8d22c10_0 .net "out_sum", 3 0, L_0x5568d8d251b0;  alias, 1 drivers
L_0x5568d8d25110 .part L_0x5568d8d258b0, 4, 1;
L_0x5568d8d251b0 .part L_0x5568d8d258b0, 0, 4;
L_0x5568d8d252f0 .concat [ 4 1 0 0], v0x5568d8d244e0_0, L_0x7fccdc6340a8;
L_0x5568d8d25420 .concat [ 4 1 0 0], L_0x5568d8d24f90, L_0x7fccdc6340f0;
L_0x5568d8d25580 .arith/sum 5, L_0x5568d8d252f0, L_0x5568d8d25420;
L_0x5568d8d25730 .concat [ 1 4 0 0], L_0x5568d8d24ac0, L_0x7fccdc634138;
L_0x5568d8d258b0 .arith/sum 5, L_0x5568d8d25580, L_0x5568d8d25730;
S_0x5568d8d22d90 .scope module, "L0" "LogicalUnit" 3 46, 5 27 0, S_0x5568d8d08580;
 .timescale -9 -12;
    .port_info 0 /INPUT 4 "in_a";
    .port_info 1 /INPUT 4 "in_b";
    .port_info 2 /INPUT 3 "fun";
    .port_info 3 /OUTPUT 4 "out_logical";
v0x5568d8d22f60_0 .net "fun", 2 0, L_0x5568d8d259f0;  1 drivers
v0x5568d8d23060_0 .net "in_a", 3 0, v0x5568d8d244e0_0;  alias, 1 drivers
v0x5568d8d23120_0 .net "in_b", 3 0, L_0x5568d8d24f90;  alias, 1 drivers
v0x5568d8d231f0_0 .var "out_logical", 3 0;
E_0x5568d8d01af0 .event edge, v0x5568d8d22f60_0, v0x5568d8d228d0_0, v0x5568d8d229b0_0;
    .scope S_0x5568d8d22d90;
T_0 ;
    %wait E_0x5568d8d01af0;
    %load/vec4 v0x5568d8d22f60_0;
    %dup/vec4;
    %pushi/vec4 0, 0, 3;
    %cmp/u;
    %jmp/1 T_0.0, 6;
    %dup/vec4;
    %pushi/vec4 1, 0, 3;
    %cmp/u;
    %jmp/1 T_0.1, 6;
    %dup/vec4;
    %pushi/vec4 2, 0, 3;
    %cmp/u;
    %jmp/1 T_0.2, 6;
    %dup/vec4;
    %pushi/vec4 3, 0, 3;
    %cmp/u;
    %jmp/1 T_0.3, 6;
    %dup/vec4;
    %pushi/vec4 4, 0, 3;
    %cmp/u;
    %jmp/1 T_0.4, 6;
    %dup/vec4;
    %pushi/vec4 5, 0, 3;
    %cmp/u;
    %jmp/1 T_0.5, 6;
    %pushi/vec4 0, 0, 4;
    %store/vec4 v0x5568d8d231f0_0, 0, 4;
    %jmp T_0.7;
T_0.0 ;
    %load/vec4 v0x5568d8d23060_0;
    %load/vec4 v0x5568d8d23120_0;
    %and;
    %store/vec4 v0x5568d8d231f0_0, 0, 4;
    %jmp T_0.7;
T_0.1 ;
    %load/vec4 v0x5568d8d23060_0;
    %load/vec4 v0x5568d8d23120_0;
    %or;
    %store/vec4 v0x5568d8d231f0_0, 0, 4;
    %jmp T_0.7;
T_0.2 ;
    %load/vec4 v0x5568d8d23060_0;
    %load/vec4 v0x5568d8d23120_0;
    %and;
    %inv;
    %store/vec4 v0x5568d8d231f0_0, 0, 4;
    %jmp T_0.7;
T_0.3 ;
    %load/vec4 v0x5568d8d23060_0;
    %load/vec4 v0x5568d8d23120_0;
    %or;
    %inv;
    %store/vec4 v0x5568d8d231f0_0, 0, 4;
    %jmp T_0.7;
T_0.4 ;
    %load/vec4 v0x5568d8d23060_0;
    %load/vec4 v0x5568d8d23120_0;
    %xor;
    %store/vec4 v0x5568d8d231f0_0, 0, 4;
    %jmp T_0.7;
T_0.5 ;
    %load/vec4 v0x5568d8d23060_0;
    %inv;
    %store/vec4 v0x5568d8d231f0_0, 0, 4;
    %jmp T_0.7;
T_0.7 ;
    %pop/vec4 1;
    %jmp T_0;
    .thread T_0, $push;
    .scope S_0x5568d8d083f0;
T_1 ;
    %vpi_call 2 44 "$monitor", " in_b = %b, in_a = %b, fun=%b, out_alu = %b, Carry = %b", v0x5568d8d24580_0, v0x5568d8d244e0_0, v0x5568d8d24400_0, v0x5568d8d24680_0, v0x5568d8d24750_0 {0 0 0};
    %pushi/vec4 0, 0, 4;
    %store/vec4 v0x5568d8d244e0_0, 0, 4;
    %pushi/vec4 0, 0, 4;
    %store/vec4 v0x5568d8d24580_0, 0, 4;
    %pushi/vec4 0, 0, 4;
    %store/vec4 v0x5568d8d24400_0, 0, 4;
    %delay 10000, 0;
    %pushi/vec4 2, 0, 4;
    %store/vec4 v0x5568d8d244e0_0, 0, 4;
    %pushi/vec4 4, 0, 4;
    %store/vec4 v0x5568d8d24580_0, 0, 4;
    %pushi/vec4 9, 0, 4;
    %store/vec4 v0x5568d8d24400_0, 0, 4;
    %delay 10000, 0;
    %vpi_call 2 55 "$finish" {0 0 0};
    %end;
    .thread T_1;
# The file index is used to find the file name in the following table.
:file_names 6;
    "N/A";
    "<interactive>";
    "ALU_tb.v";
    "ALU.v";
    "adder.v";
    "LogicalUnit.v";
